<?xml version="1.0" encoding="UTF-8"?>
<!-- Generated by org.testng.reporters.JUnitReportReporter -->
<testsuite hostname="DESKTOP-US9O7O0" failures="0" tests="6" name="com.jobsapi.testcases.deleteJobs" time="2.495" errors="0" timestamp="2022-04-19T11:17:44 PDT" skipped="0">
  <testcase classname="com.jobsapi.testcases.deleteJobs" name="deleteJobs" time="0.416"/>
  <system-out/>
  <testcase classname="com.jobsapi.testcases.deleteJobs" name="deleteJobs" time="0.416"/>
  <system-out/>
  <testcase classname="com.jobsapi.testcases.deleteJobs" name="deleteJobs" time="0.423"/>
  <system-out/>
  <testcase classname="com.jobsapi.testcases.deleteJobs" name="deleteJobs" time="0.414"/>
  <system-out/>
  <testcase classname="com.jobsapi.testcases.deleteJobs" name="deleteInvalidJobId" time="0.413"/>
  <system-out/>
  <testcase classname="com.jobsapi.testcases.deleteJobs" name="deleteJobs" time="0.413"/>
  <system-out/>
</testsuite> <!-- com.jobsapi.testcases.deleteJobs -->
