<?xml version="1.0" encoding="UTF-8"?>
<!-- Generated by org.testng.reporters.JUnitReportReporter -->
<testsuite hostname="DESKTOP-US9O7O0" failures="0" tests="7" name="com.jobsapi.testcases.updateExistingJob" time="2.933" errors="0" timestamp="2022-04-19T11:17:44 PDT" skipped="0">
  <testcase classname="com.jobsapi.testcases.updateExistingJob" name="putJobInvalidJobId" time="0.424"/>
  <system-out/>
  <testcase classname="com.jobsapi.testcases.updateExistingJob" name="putNewJobWithAllValidDetails" time="0.419"/>
  <system-out/>
  <testcase classname="com.jobsapi.testcases.updateExistingJob" name="putNewJobWithAllValidDetails" time="0.430"/>
  <system-out/>
  <testcase classname="com.jobsapi.testcases.updateExistingJob" name="putNewJobWithAllValidDetails" time="0.423"/>
  <system-out/>
  <testcase classname="com.jobsapi.testcases.updateExistingJob" name="putJobBlankJobId" time="0.407"/>
  <system-out/>
  <testcase classname="com.jobsapi.testcases.updateExistingJob" name="putNewJobWithAllValidDetails" time="0.406"/>
  <system-out/>
  <testcase classname="com.jobsapi.testcases.updateExistingJob" name="putNewJobWithAllValidDetails" time="0.424"/>
  <system-out/>
</testsuite> <!-- com.jobsapi.testcases.updateExistingJob -->
